# JRE version: OpenJDK Runtime Environment Temurin-21.0.8+9 (21.0.8+9) (build 21.0.8+9-LTS)
# Java VM: OpenJDK 64-Bit Server VM Temurin-21.0.8+9 (21.0.8+9-LTS, mixed mode, sharing, tiered, compressed oops, compressed class ptrs, parallel gc, windows-amd64)
GC Precious Log:
 CardTable entry size: 512
 CPUs: 12 total, 12 available
 Memory: 15763M
 Large Page Support: Disabled
 NUMA Support: Disabled
 Compressed Oops: Enabled (32-bit)
 Alignments: Space 512K, Generation 512K, Heap 2M
 Heap Min Capacity: 100M
 Heap Initial Capacity: 100M
 Heap Max Capacity: 2G
 Pre-touch: Disabled
 Parallel Workers: 10
Heap:
 PSYoungGen      total 10240K, used 3973K [0x00000000d5580000, 0x00000000d6180000, 0x0000000100000000)
  eden space 9216K, 34% used [0x00000000d5580000,0x00000000d589e3e8,0x00000000d5e80000)
  from space 1024K, 76% used [0x00000000d5f80000,0x00000000d60432b0,0x00000000d6080000)
  to   space 1024K, 0% used [0x00000000d6080000,0x00000000d6080000,0x00000000d6180000)
 ParOldGen       total 1297408K, used 160975K [0x0000000080000000, 0x00000000cf300000, 0x00000000d5580000)
  object space 1297408K, 12% used [0x0000000080000000,0x0000000089d33f58,0x00000000cf300000)
 Metaspace       used 96319K, committed 98176K, reserved 1179648K
  class space    used 9800K, committed 10560K, reserved 1048576K
GC Heap History (20 events):
Event: 6010.292 GC heap before
{Heap before GC invocations=2238 (full 6):
 PSYoungGen      total 5120K, used 5113K [0x00000000d5580000, 0x00000000d6400000, 0x0000000100000000)
  eden space 4608K, 100% used [0x00000000d5580000,0x00000000d5a00000,0x00000000d5a00000)
  from space 512K, 98% used [0x00000000d5c00000,0x00000000d5c7e4d0,0x00000000d5c80000)
  to   space 5120K, 0% used [0x00000000d5f00000,0x00000000d5f00000,0x00000000d6400000)
 ParOldGen       total 1297408K, used 145106K [0x0000000080000000, 0x00000000cf300000, 0x00000000d5580000)
  object space 1297408K, 11% used [0x0000000080000000,0x0000000088db4908,0x00000000cf300000)
 Metaspace       used 96264K, committed 98112K, reserved 1179648K
  class space    used 9800K, committed 10560K, reserved 1048576K
}
Event: 6010.298 GC heap after
{Heap after GC invocations=2238 (full 6):
 PSYoungGen      total 8192K, used 3264K [0x00000000d5580000, 0x00000000d6280000, 0x0000000100000000)
  eden space 4608K, 0% used [0x00000000d5580000,0x00000000d5580000,0x00000000d5a00000)
  from space 3584K, 91% used [0x00000000d5f00000,0x00000000d6230000,0x00000000d6280000)
  to   space 3584K, 0% used [0x00000000d5b80000,0x00000000d5b80000,0x00000000d5f00000)
 ParOldGen       total 1297408K, used 145932K [0x0000000080000000, 0x00000000cf300000, 0x00000000d5580000)
  object space 1297408K, 11% used [0x0000000080000000,0x0000000088e832b8,0x00000000cf300000)
 Metaspace       used 96264K, committed 98112K, reserved 1179648K
  class space    used 9800K, committed 10560K, reserved 1048576K
}
Event: 6010.337 GC heap before
{Heap before GC invocations=2239 (full 6):
 PSYoungGen      total 8192K, used 7872K [0x00000000d5580000, 0x00000000d6280000, 0x0000000100000000)
  eden space 4608K, 100% used [0x00000000d5580000,0x00000000d5a00000,0x00000000d5a00000)
  from space 3584K, 91% used [0x00000000d5f00000,0x00000000d6230000,0x00000000d6280000)
  to   space 3584K, 0% used [0x00000000d5b80000,0x00000000d5b80000,0x00000000d5f00000)
 ParOldGen       total 1297408K, used 145932K [0x0000000080000000, 0x00000000cf300000, 0x00000000d5580000)
  object space 1297408K, 11% used [0x0000000080000000,0x0000000088e832b8,0x00000000cf300000)
 Metaspace       used 96264K, committed 98112K, reserved 1179648K
  class space    used 9800K, committed 10560K, reserved 1048576K
}
Event: 6010.364 GC heap after
{Heap after GC invocations=2239 (full 6):
 PSYoungGen      total 9216K, used 3562K [0x00000000d5580000, 0x00000000d6b00000, 0x0000000100000000)
  eden space 5632K, 0% used [0x00000000d5580000,0x00000000d5580000,0x00000000d5b00000)
  from space 3584K, 99% used [0x00000000d5b80000,0x00000000d5efa970,0x00000000d5f00000)
  to   space 8192K, 0% used [0x00000000d6300000,0x00000000d6300000,0x00000000d6b00000)
 ParOldGen       total 1297408K, used 149651K [0x0000000080000000, 0x00000000cf300000, 0x00000000d5580000)
  object space 1297408K, 11% used [0x0000000080000000,0x0000000089224c18,0x00000000cf300000)
 Metaspace       used 96264K, committed 98112K, reserved 1179648K
  class space    used 9800K, committed 10560K, reserved 1048576K
}
Event: 6010.414 GC heap before
{Heap before GC invocations=2240 (full 6):
 PSYoungGen      total 9216K, used 9019K [0x00000000d5580000, 0x00000000d6b00000, 0x0000000100000000)
  eden space 5632K, 96% used [0x00000000d5580000,0x00000000d5ad4298,0x00000000d5b00000)
  from space 3584K, 99% used [0x00000000d5b80000,0x00000000d5efa970,0x00000000d5f00000)
  to   space 8192K, 0% used [0x00000000d6300000,0x00000000d6300000,0x00000000d6b00000)
 ParOldGen       total 1297408K, used 149651K [0x0000000080000000, 0x00000000cf300000, 0x00000000d5580000)
  object space 1297408K, 11% used [0x0000000080000000,0x0000000089224c18,0x00000000cf300000)
 Metaspace       used 96267K, committed 98112K, reserved 1179648K
  class space    used 9800K, committed 10560K, reserved 1048576K
}
Event: 6010.436 GC heap after
{Heap after GC invocations=2240 (full 6):
 PSYoungGen      total 10752K, used 3347K [0x00000000d5580000, 0x00000000d6680000, 0x0000000100000000)
  eden space 7168K, 0% used [0x00000000d5580000,0x00000000d5580000,0x00000000d5c80000)
  from space 3584K, 93% used [0x00000000d6300000,0x00000000d6644e48,0x00000000d6680000)
  to   space 5120K, 0% used [0x00000000d5c80000,0x00000000d5c80000,0x00000000d6180000)
 ParOldGen       total 1297408K, used 153269K [0x0000000080000000, 0x00000000cf300000, 0x00000000d5580000)
  object space 1297408K, 11% used [0x0000000080000000,0x00000000895ad588,0x00000000cf300000)
 Metaspace       used 96267K, committed 98112K, reserved 1179648K
  class space    used 9800K, committed 10560K, reserved 1048576K
}
Event: 6010.456 GC heap before
{Heap before GC invocations=2241 (full 6):
 PSYoungGen      total 10752K, used 10515K [0x00000000d5580000, 0x00000000d6680000, 0x0000000100000000)
  eden space 7168K, 100% used [0x00000000d5580000,0x00000000d5c80000,0x00000000d5c80000)
  from space 3584K, 93% used [0x00000000d6300000,0x00000000d6644e48,0x00000000d6680000)
  to   space 5120K, 0% used [0x00000000d5c80000,0x00000000d5c80000,0x00000000d6180000)
 ParOldGen       total 1297408K, used 153269K [0x0000000080000000, 0x00000000cf300000, 0x00000000d5580000)
  object space 1297408K, 11% used [0x0000000080000000,0x00000000895ad588,0x00000000cf300000)
 Metaspace       used 96267K, committed 98112K, reserved 1179648K
  class space    used 9800K, committed 10560K, reserved 1048576K
}
Event: 6010.476 GC heap after
{Heap after GC invocations=2241 (full 6):
 PSYoungGen      total 9728K, used 2487K [0x00000000d5580000, 0x00000000d6400000, 0x0000000100000000)
  eden space 7168K, 0% used [0x00000000d5580000,0x00000000d5580000,0x00000000d5c80000)
  from space 2560K, 97% used [0x00000000d5c80000,0x00000000d5eeddd8,0x00000000d5f00000)
  to   space 3072K, 0% used [0x00000000d6100000,0x00000000d6100000,0x00000000d6400000)
 ParOldGen       total 1297408K, used 156169K [0x0000000080000000, 0x00000000cf300000, 0x00000000d5580000)
  object space 1297408K, 12% used [0x0000000080000000,0x00000000898827a0,0x00000000cf300000)
 Metaspace       used 96267K, committed 98112K, reserved 1179648K
  class space    used 9800K, committed 10560K, reserved 1048576K
}
Event: 6010.496 GC heap before
{Heap before GC invocations=2242 (full 6):
 PSYoungGen      total 9728K, used 9655K [0x00000000d5580000, 0x00000000d6400000, 0x0000000100000000)
  eden space 7168K, 100% used [0x00000000d5580000,0x00000000d5c80000,0x00000000d5c80000)
  from space 2560K, 97% used [0x00000000d5c80000,0x00000000d5eeddd8,0x00000000d5f00000)
  to   space 3072K, 0% used [0x00000000d6100000,0x00000000d6100000,0x00000000d6400000)
 ParOldGen       total 1297408K, used 156169K [0x0000000080000000, 0x00000000cf300000, 0x00000000d5580000)
  object space 1297408K, 12% used [0x0000000080000000,0x00000000898827a0,0x00000000cf300000)
 Metaspace       used 96267K, committed 98112K, reserved 1179648K
  class space    used 9800K, committed 10560K, reserved 1048576K
}
Event: 6010.506 GC heap after
{Heap after GC invocations=2242 (full 6):
 PSYoungGen      total 10240K, used 1088K [0x00000000d5580000, 0x00000000d6280000, 0x0000000100000000)
  eden space 8704K, 0% used [0x00000000d5580000,0x00000000d5580000,0x00000000d5e00000)
  from space 1536K, 70% used [0x00000000d6100000,0x00000000d6210000,0x00000000d6280000)
  to   space 2048K, 0% used [0x00000000d5e80000,0x00000000d5e80000,0x00000000d6080000)
 ParOldGen       total 1297408K, used 158514K [0x0000000080000000, 0x00000000cf300000, 0x00000000d5580000)
  object space 1297408K, 12% used [0x0000000080000000,0x0000000089acc848,0x00000000cf300000)
 Metaspace       used 96267K, committed 98112K, reserved 1179648K
  class space    used 9800K, committed 10560K, reserved 1048576K
}
Event: 6010.581 GC heap before
{Heap before GC invocations=2243 (full 6):
 PSYoungGen      total 10240K, used 9788K [0x00000000d5580000, 0x00000000d6280000, 0x0000000100000000)
  eden space 8704K, 99% used [0x00000000d5580000,0x00000000d5dff028,0x00000000d5e00000)
  from space 1536K, 70% used [0x00000000d6100000,0x00000000d6210000,0x00000000d6280000)
  to   space 2048K, 0% used [0x00000000d5e80000,0x00000000d5e80000,0x00000000d6080000)
 ParOldGen       total 1297408K, used 158514K [0x0000000080000000, 0x00000000cf300000, 0x00000000d5580000)
  object space 1297408K, 12% used [0x0000000080000000,0x0000000089acc848,0x00000000cf300000)
 Metaspace       used 96267K, committed 98112K, reserved 1179648K
  class space    used 9800K, committed 10560K, reserved 1048576K
}
Event: 6010.587 GC heap after
{Heap after GC invocations=2243 (full 6):
 PSYoungGen      total 11264K, used 1376K [0x00000000d5580000, 0x00000000d6300000, 0x0000000100000000)
  eden space 9216K, 0% used [0x00000000d5580000,0x00000000d5580000,0x00000000d5e80000)
  from space 2048K, 67% used [0x00000000d5e80000,0x00000000d5fd8000,0x00000000d6080000)
  to   space 1536K, 0% used [0x00000000d6180000,0x00000000d6180000,0x00000000d6300000)
 ParOldGen       total 1297408K, used 159496K [0x0000000080000000, 0x00000000cf300000, 0x00000000d5580000)
  object space 1297408K, 12% used [0x0000000080000000,0x0000000089bc22e8,0x00000000cf300000)
 Metaspace       used 96267K, committed 98112K, reserved 1179648K
  class space    used 9800K, committed 10560K, reserved 1048576K
}
Event: 6011.175 GC heap before
{Heap before GC invocations=2244 (full 6):
 PSYoungGen      total 11264K, used 10591K [0x00000000d5580000, 0x00000000d6300000, 0x0000000100000000)
  eden space 9216K, 99% used [0x00000000d5580000,0x00000000d5e7fff0,0x00000000d5e80000)
  from space 2048K, 67% used [0x00000000d5e80000,0x00000000d5fd8000,0x00000000d6080000)
  to   space 1536K, 0% used [0x00000000d6180000,0x00000000d6180000,0x00000000d6300000)
 ParOldGen       total 1297408K, used 159496K [0x0000000080000000, 0x00000000cf300000, 0x00000000d5580000)
  object space 1297408K, 12% used [0x0000000080000000,0x0000000089bc22e8,0x00000000cf300000)
 Metaspace       used 96281K, committed 98112K, reserved 1179648K
  class space    used 9800K, committed 10560K, reserved 1048576K
}
Event: 6011.184 GC heap after
{Heap after GC invocations=2244 (full 6):
 PSYoungGen      total 9728K, used 288K [0x00000000d5580000, 0x00000000d6200000, 0x0000000100000000)
  eden space 9216K, 0% used [0x00000000d5580000,0x00000000d5580000,0x00000000d5e80000)
  from space 512K, 56% used [0x00000000d6180000,0x00000000d61c8000,0x00000000d6200000)
  to   space 1024K, 0% used [0x00000000d6000000,0x00000000d6000000,0x00000000d6100000)
 ParOldGen       total 1297408K, used 160775K [0x0000000080000000, 0x00000000cf300000, 0x00000000d5580000)
  object space 1297408K, 12% used [0x0000000080000000,0x0000000089d01f58,0x00000000cf300000)
 Metaspace       used 96281K, committed 98112K, reserved 1179648K
  class space    used 9800K, committed 10560K, reserved 1048576K
}
Event: 6011.489 GC heap before
{Heap before GC invocations=2245 (full 6):
 PSYoungGen      total 9728K, used 9504K [0x00000000d5580000, 0x00000000d6200000, 0x0000000100000000)
  eden space 9216K, 100% used [0x00000000d5580000,0x00000000d5e80000,0x00000000d5e80000)
  from space 512K, 56% used [0x00000000d6180000,0x00000000d61c8000,0x00000000d6200000)
  to   space 1024K, 0% used [0x00000000d6000000,0x00000000d6000000,0x00000000d6100000)
 ParOldGen       total 1297408K, used 160775K [0x0000000080000000, 0x00000000cf300000, 0x00000000d5580000)
  object space 1297408K, 12% used [0x0000000080000000,0x0000000089d01f58,0x00000000cf300000)
 Metaspace       used 96281K, committed 98112K, reserved 1179648K
  class space    used 9800K, committed 10560K, reserved 1048576K
}
Event: 6011.491 GC heap after
{Heap after GC invocations=2245 (full 6):
 PSYoungGen      total 10240K, used 1014K [0x00000000d5580000, 0x00000000d6200000, 0x0000000100000000)
  eden space 9216K, 0% used [0x00000000d5580000,0x00000000d5580000,0x00000000d5e80000)
  from space 1024K, 99% used [0x00000000d6000000,0x00000000d60fd968,0x00000000d6100000)
  to   space 1024K, 0% used [0x00000000d6100000,0x00000000d6100000,0x00000000d6200000)
 ParOldGen       total 1297408K, used 160847K [0x0000000080000000, 0x00000000cf300000, 0x00000000d5580000)
  object space 1297408K, 12% used [0x0000000080000000,0x0000000089d13f58,0x00000000cf300000)
 Metaspace       used 96281K, committed 98112K, reserved 1179648K
  class space    used 9800K, committed 10560K, reserved 1048576K
}
Event: 6012.067 GC heap before
{Heap before GC invocations=2246 (full 6):
 PSYoungGen      total 10240K, used 10230K [0x00000000d5580000, 0x00000000d6200000, 0x0000000100000000)
  eden space 9216K, 100% used [0x00000000d5580000,0x00000000d5e80000,0x00000000d5e80000)
  from space 1024K, 99% used [0x00000000d6000000,0x00000000d60fd968,0x00000000d6100000)
  to   space 1024K, 0% used [0x00000000d6100000,0x00000000d6100000,0x00000000d6200000)
 ParOldGen       total 1297408K, used 160847K [0x0000000080000000, 0x00000000cf300000, 0x00000000d5580000)
  object space 1297408K, 12% used [0x0000000080000000,0x0000000089d13f58,0x00000000cf300000)
 Metaspace       used 96281K, committed 98112K, reserved 1179648K
  class space    used 9800K, committed 10560K, reserved 1048576K
}
Event: 6012.068 GC heap after
{Heap after GC invocations=2246 (full 6):
 PSYoungGen      total 9728K, used 320K [0x00000000d5580000, 0x00000000d6180000, 0x0000000100000000)
  eden space 9216K, 0% used [0x00000000d5580000,0x00000000d5580000,0x00000000d5e80000)
  from space 512K, 62% used [0x00000000d6100000,0x00000000d6150000,0x00000000d6180000)
  to   space 1024K, 0% used [0x00000000d5f80000,0x00000000d5f80000,0x00000000d6080000)
 ParOldGen       total 1297408K, used 160895K [0x0000000080000000, 0x00000000cf300000, 0x00000000d5580000)
  object space 1297408K, 12% used [0x0000000080000000,0x0000000089d1ff58,0x00000000cf300000)
 Metaspace       used 96281K, committed 98112K, reserved 1179648K
  class space    used 9800K, committed 10560K, reserved 1048576K
}
Event: 6024.559 GC heap before
{Heap before GC invocations=2247 (full 6):
 PSYoungGen      total 9728K, used 9536K [0x00000000d5580000, 0x00000000d6180000, 0x0000000100000000)
  eden space 9216K, 100% used [0x00000000d5580000,0x00000000d5e80000,0x00000000d5e80000)
  from space 512K, 62% used [0x00000000d6100000,0x00000000d6150000,0x00000000d6180000)
  to   space 1024K, 0% used [0x00000000d5f80000,0x00000000d5f80000,0x00000000d6080000)
 ParOldGen       total 1297408K, used 160895K [0x0000000080000000, 0x00000000cf300000, 0x00000000d5580000)
  object space 1297408K, 12% used [0x0000000080000000,0x0000000089d1ff58,0x00000000cf300000)
 Metaspace       used 96296K, committed 98112K, reserved 1179648K
  class space    used 9800K, committed 10560K, reserved 1048576K
}
Event: 6024.560 GC heap after
{Heap after GC invocations=2247 (full 6):
 PSYoungGen      total 10240K, used 780K [0x00000000d5580000, 0x00000000d6180000, 0x0000000100000000)
  eden space 9216K, 0% used [0x00000000d5580000,0x00000000d5580000,0x00000000d5e80000)
  from space 1024K, 76% used [0x00000000d5f80000,0x00000000d60432b0,0x00000000d6080000)
  to   space 1024K, 0% used [0x00000000d6080000,0x00000000d6080000,0x00000000d6180000)
 ParOldGen       total 1297408K, used 160975K [0x0000000080000000, 0x00000000cf300000, 0x00000000d5580000)
  object space 1297408K, 12% used [0x0000000080000000,0x0000000089d33f58,0x00000000cf300000)
 Metaspace       used 96296K, committed 98112K, reserved 1179648K
  class space    used 9800K, committed 10560K, reserved 1048576K
}

